<?xml version="1.0" encoding="UTF-8"?>
<!-- Generated by org.testng.reporters.JUnitReportReporter -->
<testsuite skipped="0" hostname="EXIHYD-IM-033" name="Utility.PropertyFile" tests="1" failures="0" timestamp="23 Aug 2019 08:57:00 GMT" time="0.013" errors="0">
  <testcase name="LoadProperty" time="0.013" classname="Utility.PropertyFile"/>
</testsuite> <!-- Utility.PropertyFile -->
