<?xml version="1.0" encoding="UTF-8"?>
<!-- Generated by org.testng.reporters.JUnitReportReporter -->
<testsuite skipped="0" hostname="EXIHYD-IM-033" name="Utility.CreateWorkbookXL" tests="1" failures="0" timestamp="17 Sep 2019 06:49:24 GMT" time="0.122" errors="0">
  <testcase name="createBook" time="0.122" classname="Utility.CreateWorkbookXL"/>
</testsuite> <!-- Utility.CreateWorkbookXL -->
