<?xml version="1.0" encoding="UTF-8"?>
<!-- Generated by org.testng.reporters.JUnitReportReporter -->
<testsuite skipped="0" hostname="EXIHYD-IM-033" name="QuEST.ver1.App" tests="5" failures="0" timestamp="09 Sep 2019 08:53:57 GMT" time="17.442" errors="0">
  <testcase name="UserDetails" time="3.848" classname="QuEST.ver1.App"/>
  <testcase name="HomeViewAllApps" time="2.517" classname="QuEST.ver1.App"/>
  <testcase name="LoginAuthentication" time="4.574" classname="QuEST.ver1.App"/>
  <testcase name="HomeLogoTest" time="3.408" classname="QuEST.ver1.App"/>
  <testcase name="LogoutAuthentication" time="3.095" classname="QuEST.ver1.App"/>
</testsuite> <!-- QuEST.ver1.App -->
