<?xml version="1.0" encoding="UTF-8"?>
<!-- Generated by org.testng.reporters.JUnitReportReporter -->
<testsuite skipped="0" hostname="EXIHYD-IM-019" name="PageTests.DriverScript" tests="6" failures="0" timestamp="2019-09-18T22:22:48 PDT" time="38.982" errors="0">
  <testcase name="UserDetails" time="3.735" classname="PageTests.DriverScript"/>
  <testcase name="corporate_" time="19.302" classname="PageTests.DriverScript"/>
  <testcase name="HomeLogoTest" time="3.307" classname="PageTests.DriverScript"/>
  <testcase name="HomeViewAllApps" time="2.850" classname="PageTests.DriverScript"/>
  <testcase name="LoginAuthentication" time="5.851" classname="PageTests.DriverScript"/>
  <testcase name="LogoutAuthentication" time="3.937" classname="PageTests.DriverScript"/>
</testsuite> <!-- PageTests.DriverScript -->
