<?xml version="1.0" encoding="UTF-8"?>
<!-- Generated by org.testng.reporters.JUnitReportReporter -->
<testsuite skipped="0" hostname="EXIHYD-IM-033" name="PageTests.DriverScript" tests="6" failures="0" timestamp="18 Sep 2019 09:59:16 GMT" time="40.590" errors="0">
  <testcase name="LoginAuthentication" time="4.977" classname="PageTests.DriverScript"/>
  <testcase name="corporate_" time="21.909" classname="PageTests.DriverScript"/>
  <testcase name="HomeViewAllApps" time="3.556" classname="PageTests.DriverScript"/>
  <testcase name="UserDetails" time="3.519" classname="PageTests.DriverScript"/>
  <testcase name="HomeLogoTest" time="3.569" classname="PageTests.DriverScript"/>
  <testcase name="LogoutAuthentication" time="3.060" classname="PageTests.DriverScript"/>
</testsuite> <!-- PageTests.DriverScript -->
